2016-09-01 14:43:21 - No updates.
2016-09-01 14:43:52 - No updates.
2016-09-01 14:44:24 - No updates.
2016-09-01 14:44:55 - No updates.
2016-09-01 14:45:26 - No updates.
2016-09-01 14:45:57 - No updates.
2016-09-01 14:46:29 - No updates.
2016-09-01 14:47:00 - No updates.
2016-09-01 14:47:31 - No updates.
2016-09-01 14:48:03 - No updates.
2016-09-01 14:48:34 - No updates.
2016-09-01 14:49:05 - No updates.
2016-09-01 14:49:36 - No updates.
2016-09-01 14:50:11 - No updates.
2016-09-01 14:50:42 - No updates.
2016-09-01 14:51:15 - No updates.
2016-09-01 14:51:46 - No updates.
2016-09-01 14:52:17 - No updates.
2016-09-01 14:52:48 - No updates.
2016-09-01 14:53:20 - No updates.
2016-09-01 14:53:51 - No updates.
2016-09-01 14:54:23 - No updates.
2016-09-01 14:54:54 - No updates.
2016-09-01 14:55:26 - No updates.
2016-09-01 14:55:57 - No updates.
2016-09-01 14:56:29 - No updates.
2016-09-01 14:57:00 - No updates.
2016-09-01 14:57:31 - No updates.
2016-09-01 14:58:04 - No updates.
2016-09-01 14:58:35 - No updates.
2016-09-01 14:59:09 - No updates.
2016-09-01 14:59:40 - No updates.
2016-09-01 15:00:15 - No updates.
2016-09-01 15:00:48 - No updates.
2016-09-01 15:01:22 - No updates.
2016-09-01 15:01:53 - No updates.
2016-09-01 15:02:25 - No updates.
2016-09-01 15:02:56 - No updates.
2016-09-01 15:03:28 - No updates.
2016-09-01 15:03:59 - No updates.
2016-09-01 15:04:30 - No updates.
2016-09-01 15:05:02 - No updates.
2016-09-01 15:05:33 - No updates.
2016-09-01 15:06:06 - No updates.
2016-09-01 15:06:37 - No updates.
2016-09-01 15:07:10 - No updates.
2016-09-01 15:07:41 - No updates.
2016-09-01 15:08:13 - No updates.
2016-09-01 15:08:44 - No updates.
2016-09-01 15:09:16 - No updates.
2016-09-01 15:09:47 - No updates.
2016-09-01 15:10:20 - No updates.
2016-09-01 15:10:51 - No updates.
2016-09-01 15:11:23 - No updates.
2016-09-01 15:11:54 - No updates.
2016-09-01 15:12:25 - No updates.
2016-09-01 15:12:56 - No updates.
2016-09-01 15:13:27 - No updates.
2016-09-01 15:13:58 - No updates.
2016-09-01 15:14:30 - No updates.
2016-09-01 15:15:01 - No updates.
2016-09-01 15:15:32 - No updates.
2016-09-01 15:16:05 - No updates.
2016-09-01 15:16:36 - No updates.
2016-09-01 15:17:07 - No updates.
2016-09-01 15:17:38 - No updates.
2016-09-01 15:18:10 - No updates.
2016-09-01 15:18:41 - No updates.
2016-09-01 15:19:13 - No updates.
2016-09-01 15:19:44 - No updates.
2016-09-01 15:20:16 - No updates.
2016-09-01 15:20:48 - No updates.
2016-09-01 15:21:19 - No updates.
2016-09-01 15:21:50 - No updates.
2016-09-01 15:22:22 - No updates.
2016-09-01 15:22:53 - No updates.
2016-09-01 15:23:24 - No updates.
2016-09-01 15:23:55 - No updates.
2016-09-01 15:24:26 - No updates.
2016-09-01 15:24:57 - No updates.
2016-09-01 15:25:28 - No updates.
2016-09-01 15:25:59 - No updates.
2016-09-01 15:26:30 - No updates.
2016-09-01 15:27:02 - No updates.
2016-09-01 15:27:33 - No updates.
2016-09-01 15:28:06 - No updates.
2016-09-01 15:28:37 - No updates.
2016-09-01 15:29:09 - No updates.
2016-09-01 15:29:40 - No updates.
2016-09-01 15:30:14 - No updates.
2016-09-01 15:30:45 - No updates.
2016-09-01 15:31:17 - No updates.
2016-09-01 15:31:48 - No updates.
2016-09-01 15:32:19 - No updates.
2016-09-01 15:32:50 - No updates.
2016-09-01 15:33:21 - No updates.
2016-09-01 15:33:53 - No updates.
2016-09-01 15:34:24 - No updates.
2016-09-01 15:34:55 - No updates.
2016-09-01 15:35:26 - No updates.
2016-09-01 15:35:57 - No updates.
2016-09-01 15:36:28 - No updates.
2016-09-01 15:36:59 - No updates.
2016-09-01 15:37:30 - No updates.
2016-09-01 15:38:02 - No updates.
2016-09-01 15:38:33 - No updates.
2016-09-01 15:39:05 - No updates.
2016-09-01 15:39:36 - No updates.
2016-09-01 15:40:10 - No updates.
2016-09-01 15:40:41 - No updates.
2016-09-01 15:41:13 - No updates.
2016-09-01 15:41:44 - No updates.
2016-09-01 15:42:16 - No updates.
2016-09-01 15:42:47 - No updates.
2016-09-01 15:43:19 - No updates.
2016-09-01 15:43:50 - No updates.
2016-09-01 15:44:21 - No updates.
2016-09-01 15:44:52 - No updates.
2016-09-01 15:45:23 - No updates.
2016-09-01 15:45:54 - No updates.
2016-09-01 15:46:25 - No updates.
2016-09-01 15:46:56 - No updates.
2016-09-01 15:47:27 - No updates.
2016-09-01 15:47:59 - No updates.
2016-09-01 15:48:30 - No updates.
2016-09-01 15:49:01 - No updates.
2016-09-01 15:49:32 - No updates.
2016-09-01 15:50:05 - No updates.
2016-09-01 15:50:36 - No updates.
2016-09-01 15:51:09 - No updates.
2016-09-01 15:51:40 - No updates.
2016-09-01 15:52:12 - No updates.
2016-09-01 15:52:43 - No updates.
2016-09-01 15:53:15 - No updates.
2016-09-01 15:53:46 - No updates.
2016-09-01 15:54:17 - No updates.
2016-09-01 15:54:49 - No updates.
2016-09-01 15:55:20 - No updates.
2016-09-01 15:55:51 - No updates.
2016-09-01 15:56:22 - No updates.
2016-09-01 15:56:53 - No updates.
2016-09-01 15:57:24 - No updates.
2016-09-01 15:57:55 - No updates.
2016-09-01 15:58:26 - No updates.
2016-09-01 15:58:57 - No updates.
2016-09-01 15:59:28 - No updates.
2016-09-01 15:59:59 - No updates.
2016-09-01 16:00:31 - No updates.
2016-09-01 16:01:03 - No updates.
2016-09-01 16:01:35 - No updates.
2016-09-01 16:02:07 - No updates.
2016-09-01 16:02:38 - No updates.
2016-09-01 16:03:10 - No updates.
2016-09-01 16:03:41 - No updates.
2016-09-01 16:04:13 - No updates.
2016-09-01 16:04:44 - No updates.
2016-09-01 16:05:16 - No updates.
2016-09-01 16:05:47 - No updates.
2016-09-01 16:06:19 - No updates.
2016-09-01 16:06:50 - No updates.
2016-09-01 16:07:21 - No updates.
2016-09-01 16:07:52 - No updates.
2016-09-01 16:08:23 - No updates.
2016-09-01 16:08:54 - No updates.
2016-09-01 16:09:25 - No updates.
2016-09-01 16:09:56 - No updates.
2016-09-01 16:10:27 - No updates.
2016-09-01 16:10:58 - No updates.
2016-09-01 16:11:29 - No updates.
2016-09-01 16:12:01 - No updates.
2016-09-01 16:12:32 - No updates.
2016-09-01 16:13:04 - No updates.
2016-09-01 16:13:35 - Pulling changes.
2016-09-01 16:13:36 - Updating c44640b..2c408e0
2016-09-01 16:13:36 - Fast-forward
2016-09-01 16:13:36 -  autoupdate.py | 7 ++++++-
2016-09-01 16:13:36 -  1 file changed, 6 insertions(+), 1 deletion(-)
2016-09-01 16:13:36 - 2016-09-01 16:13:37 - No updates.
2016-09-01 16:14:09 - No updates.
2016-09-01 16:14:41 - No updates.
2016-09-01 16:15:47 - No updates.
2016-09-01 16:32:13 - No updates.
2016-09-01 18:12:15 - No updates.
2016-09-01 19:52:16 - No updates.
2016-09-01 21:32:18 - No updates.
2016-09-01 23:12:19 - No updates.
2016-09-02 00:52:20 - No updates.
2016-09-02 02:32:21 - No updates.
2016-09-02 04:12:22 - No updates.
2016-09-02 05:52:23 - No updates.
2016-09-02 07:32:24 - No updates.
2016-09-02 09:12:25 - No updates.
2016-09-02 10:52:26 - No updates.
2016-09-02 12:32:28 - No updates.
2016-09-02 14:12:29 - No updates.
2016-09-02 15:52:31 - No updates.
2016-09-02 17:32:32 - No updates.
2016-09-02 19:12:33 - No updates.
2016-09-02 20:52:34 - No updates.
2016-09-02 22:32:35 - No updates.
2016-09-03 00:12:36 - No updates.
2016-09-03 01:52:37 - No updates.
2016-09-03 03:32:38 - No updates.
2016-09-03 05:12:39 - No updates.
2016-09-03 06:52:41 - No updates.
2016-09-03 08:32:42 - No updates.
2016-09-03 10:12:43 - No updates.
2016-09-03 11:52:44 - No updates.
2016-09-03 13:32:45 - No updates.
2016-09-03 15:12:46 - No updates.
2016-09-03 16:52:47 - No updates.
2016-09-03 18:32:48 - No updates.
2016-09-03 20:12:50 - No updates.
2016-09-03 21:52:51 - No updates.
2016-09-03 23:32:52 - No updates.
2016-09-04 01:12:53 - No updates.
2016-09-04 02:52:54 - No updates.
2016-09-04 04:32:55 - No updates.
2016-09-04 06:12:56 - No updates.
2016-09-04 07:52:57 - No updates.
2016-09-04 09:32:58 - No updates.
2016-09-04 11:13:00 - No updates.
2016-09-04 12:53:01 - No updates.
2016-09-04 14:33:03 - No updates.
2016-09-04 16:13:04 - No updates.
2016-09-04 17:53:06 - No updates.
2016-09-04 19:33:07 - No updates.
2016-09-04 21:13:08 - No updates.
2016-09-04 22:53:09 - No updates.
2016-09-05 00:33:10 - No updates.
2016-09-05 02:13:12 - No updates.
2016-09-05 03:53:13 - No updates.
2016-09-05 05:33:14 - No updates.
2016-09-05 07:13:15 - No updates.
2016-09-05 08:53:16 - No updates.
2016-09-05 10:33:17 - No updates.
2016-09-05 12:13:18 - No updates.
2016-09-05 13:53:19 - No updates.
2016-09-05 15:33:21 - No updates.
2016-09-05 17:13:22 - No updates.
2016-09-05 18:53:23 - No updates.
2016-09-05 20:33:24 - No updates.
2016-09-05 22:13:25 - No updates.
2016-09-05 23:53:26 - No updates.
2016-09-06 01:33:27 - No updates.
2016-09-06 03:13:28 - No updates.
2016-09-06 04:53:29 - No updates.
2016-09-06 06:33:30 - No updates.
2016-09-06 08:13:32 - No updates.
2016-09-06 09:53:33 - No updates.
2016-09-06 11:33:34 - Pulling changes.
2016-09-06 11:33:35 - Updating 2c408e0..80bbb30
2016-09-06 11:33:35 - Fast-forward
2016-09-06 11:33:35 -  pages/page.html | 2 +-
2016-09-06 11:33:35 -  1 file changed, 1 insertion(+), 1 deletion(-)
2016-09-06 11:33:35 - 2016-09-06 11:33:36 - No updates.
2016-09-06 13:13:37 - No updates.
2016-09-06 14:53:38 - No updates.
2016-09-06 16:33:40 - No updates.
2016-09-06 18:13:41 - No updates.
2016-09-06 19:53:42 - No updates.
2016-09-06 21:33:43 - No updates.
2016-09-06 23:13:44 - No updates.
2016-09-07 00:53:45 - No updates.
2016-09-07 02:33:46 - No updates.
2016-09-07 04:13:47 - No updates.
2016-09-07 05:53:49 - No updates.
2016-09-07 07:33:50 - No updates.
2016-09-07 09:13:51 - No updates.
2016-09-07 10:53:52 - No updates.
2016-09-07 12:33:53 - No updates.
2016-09-07 14:14:05 - No updates.
2016-09-07 15:54:08 - No updates.
2016-09-07 17:34:10 - No updates.
2016-09-07 19:14:12 - No updates.
2016-09-07 20:54:13 - No updates.
2016-09-07 22:34:14 - No updates.
2016-09-08 00:14:15 - No updates.
2016-09-08 01:54:16 - No updates.
2016-09-08 03:34:17 - No updates.
2016-09-08 05:14:18 - No updates.
2016-09-08 06:54:20 - No updates.
2016-09-08 08:34:21 - No updates.
2016-09-08 10:14:22 - No updates.
2016-09-08 11:54:23 - No updates.
2016-09-08 13:34:24 - No updates.
2016-09-08 15:14:26 - No updates.
2016-09-08 16:54:27 - No updates.
2016-09-08 18:34:28 - No updates.
2016-09-08 20:14:29 - No updates.
2016-09-08 21:54:30 - No updates.
2016-09-08 23:34:32 - No updates.
2016-09-09 01:14:33 - No updates.
2016-09-09 02:54:34 - No updates.
2016-09-09 04:34:35 - No updates.
2016-09-09 06:14:36 - No updates.
2016-09-09 07:54:37 - No updates.
2016-09-09 09:34:38 - No updates.
2016-09-09 11:14:39 - No updates.
2016-09-09 12:54:41 - No updates.
2016-09-09 14:34:42 - No updates.
2016-09-09 16:14:43 - No updates.
2016-09-09 17:54:44 - No updates.
2016-09-09 19:34:45 - No updates.
2016-09-09 21:14:46 - No updates.
2016-09-09 22:54:47 - No updates.
2016-09-10 00:34:48 - No updates.
2016-09-10 02:14:49 - No updates.
2016-09-10 03:54:50 - No updates.
2016-09-10 05:34:51 - No updates.
2016-09-10 07:14:52 - No updates.
2016-09-10 08:54:53 - No updates.
2016-09-10 10:34:54 - No updates.
2016-09-10 12:14:56 - No updates.
2016-09-10 13:54:57 - No updates.
2016-09-10 15:34:58 - No updates.
2016-09-10 17:14:59 - No updates.
2016-09-10 18:55:00 - No updates.
2016-09-10 20:35:01 - No updates.
2016-09-10 22:15:21 - No updates.
2016-09-10 23:55:23 - No updates.
2016-09-11 01:35:24 - No updates.
2016-09-11 03:15:25 - No updates.
2016-09-11 04:55:26 - No updates.
2016-09-11 06:35:27 - No updates.
2016-09-11 08:15:28 - No updates.
2016-09-11 09:55:29 - No updates.
2016-09-11 11:35:31 - No updates.
2016-09-11 13:15:32 - No updates.
2016-09-11 14:55:33 - No updates.
2016-09-11 16:35:34 - No updates.
2016-09-11 18:15:35 - No updates.
2016-09-11 19:55:36 - No updates.
2016-09-11 21:35:37 - No updates.
2016-09-11 23:15:38 - No updates.
2016-09-12 00:55:40 - No updates.
2016-09-12 02:35:40 - No updates.
2016-09-12 04:15:41 - No updates.
2016-09-12 05:55:42 - No updates.
2016-09-12 07:35:43 - No updates.
2016-09-12 09:15:45 - No updates.
2016-09-12 10:55:46 - No updates.
2016-09-12 12:35:47 - No updates.
2016-09-12 14:15:48 - No updates.
2016-09-12 15:55:49 - No updates.
2016-09-12 17:35:50 - No updates.
2016-09-12 19:15:52 - No updates.
2016-09-12 20:55:53 - No updates.
2016-09-12 22:35:54 - No updates.
2016-09-13 00:15:55 - No updates.
2016-09-13 01:55:56 - No updates.
2016-09-13 03:35:57 - No updates.
2016-09-13 05:15:59 - No updates.
2016-09-13 06:56:00 - No updates.
2016-09-13 08:36:01 - No updates.
2016-09-13 10:16:03 - No updates.
2016-09-13 11:56:07 - No updates.
2016-09-13 13:36:11 - No updates.
2016-09-13 15:16:17 - No updates.
2016-09-13 16:56:19 - No updates.
2016-09-13 18:36:20 - No updates.
2016-09-13 20:16:21 - No updates.
2016-09-13 21:56:22 - No updates.
2016-09-13 23:36:23 - No updates.
2016-09-14 01:16:24 - No updates.
2016-09-14 02:56:25 - No updates.
2016-09-14 04:36:26 - No updates.
2016-09-14 06:16:28 - No updates.
2016-09-14 07:56:29 - No updates.
2016-09-14 09:36:30 - No updates.
2016-09-14 11:16:31 - No updates.
2016-09-14 12:56:32 - No updates.
2016-09-14 14:36:35 - No updates.
2016-09-14 16:16:36 - No updates.
2016-09-14 17:56:37 - No updates.
2016-09-14 19:36:38 - No updates.
2016-09-14 21:16:39 - No updates.
2016-09-14 22:56:41 - No updates.
2016-09-15 00:36:42 - No updates.
2016-09-15 02:16:43 - No updates.
2016-09-15 03:56:44 - No updates.
2016-09-15 05:36:45 - No updates.
2016-09-15 07:16:46 - No updates.
2016-09-15 08:56:47 - No updates.
2016-09-15 10:36:48 - No updates.
2016-09-15 12:16:50 - No updates.
2016-09-15 13:56:51 - No updates.
2016-09-15 15:36:53 - No updates.
2016-09-15 17:16:54 - No updates.
2016-09-15 18:56:55 - No updates.
2016-09-15 20:36:56 - No updates.
2016-09-15 22:16:58 - No updates.
2016-09-15 23:56:59 - No updates.
2016-09-16 01:37:00 - No updates.
2016-09-16 03:17:01 - No updates.
2016-09-16 04:57:02 - No updates.
2016-09-16 06:37:04 - No updates.
2016-09-16 08:17:05 - No updates.
2016-09-16 09:57:06 - No updates.
2016-09-16 11:37:08 - No updates.
2016-09-16 13:17:09 - No updates.
2016-09-16 14:57:11 - No updates.
2016-09-16 16:37:12 - No updates.
2016-09-16 18:17:13 - No updates.
2016-09-16 19:57:14 - No updates.
2016-09-16 21:37:16 - No updates.
2016-09-16 23:17:17 - No updates.
2016-09-17 00:57:18 - No updates.
2016-09-17 02:37:19 - No updates.
2016-09-17 04:17:20 - No updates.
2016-09-17 05:57:21 - No updates.
2016-09-17 07:37:22 - No updates.
2016-09-17 09:17:23 - No updates.
2016-09-17 10:57:24 - No updates.
2016-09-17 12:37:25 - No updates.
2016-09-17 14:17:27 - No updates.
2016-09-17 15:57:28 - No updates.
2016-09-17 17:37:29 - No updates.
2016-09-17 19:17:30 - No updates.
2016-09-17 20:57:31 - No updates.
2016-09-17 22:37:32 - No updates.
2016-09-18 00:17:33 - No updates.
2016-09-18 01:57:34 - No updates.
2016-09-18 03:37:35 - No updates.
2016-09-18 05:17:37 - No updates.
2016-09-18 06:57:38 - No updates.
2016-09-18 08:37:39 - No updates.
2016-09-18 10:17:40 - No updates.
2016-09-18 11:57:41 - No updates.
2016-09-18 13:37:42 - No updates.
2016-09-18 15:17:43 - No updates.
2016-09-18 16:57:44 - No updates.
2016-09-18 18:37:45 - No updates.
2016-09-18 20:17:46 - No updates.
2016-09-18 21:57:47 - No updates.
2016-09-18 23:37:48 - No updates.
2016-09-19 01:17:49 - No updates.
2016-09-19 02:57:50 - No updates.
2016-09-19 04:37:51 - No updates.
2016-09-19 06:17:52 - No updates.
2016-09-19 07:57:54 - No updates.
2016-09-19 09:37:55 - No updates.
2016-09-19 11:17:56 - No updates.
2016-09-19 12:57:57 - No updates.
2016-09-19 14:37:59 - No updates.
2016-09-19 16:18:01 - No updates.
2016-09-19 17:58:02 - No updates.
2016-09-19 19:38:03 - No updates.
2016-09-19 21:18:04 - No updates.
2016-09-19 22:58:05 - No updates.
2016-09-20 00:38:07 - No updates.
2016-09-20 02:18:08 - No updates.
2016-09-20 03:58:09 - No updates.
2016-09-20 05:38:10 - No updates.
2016-09-20 07:18:11 - No updates.
2016-09-20 08:58:12 - No updates.
2016-09-20 10:38:13 - No updates.
2016-09-20 12:18:14 - No updates.
2016-09-20 13:58:16 - No updates.
2016-09-20 15:38:17 - No updates.
2016-09-20 17:18:18 - No updates.
2016-09-20 18:58:19 - No updates.
2016-09-20 20:38:20 - No updates.
2016-09-20 22:18:21 - No updates.
2016-09-20 23:58:22 - No updates.
2016-09-21 01:38:24 - No updates.
2016-09-21 03:18:25 - No updates.
2016-09-21 04:58:26 - No updates.
2016-09-21 06:38:27 - No updates.
2016-09-21 08:18:28 - No updates.
2016-09-21 09:58:29 - No updates.
2016-09-21 11:38:31 - No updates.
2016-09-21 13:18:32 - No updates.
2016-09-21 14:58:33 - No updates.
2016-09-21 16:38:34 - No updates.
2016-09-21 18:18:35 - No updates.
2016-09-21 19:58:36 - No updates.
2016-09-21 21:38:37 - No updates.
2016-09-21 23:18:39 - No updates.
2016-09-22 00:58:40 - No updates.
2016-09-22 02:38:41 - No updates.
2016-09-22 04:18:42 - No updates.
2016-09-22 05:58:43 - No updates.
2016-09-22 07:38:44 - No updates.
2016-09-22 09:18:45 - No updates.
2016-09-22 10:58:46 - No updates.
2016-09-22 12:38:48 - No updates.
2016-09-22 14:18:49 - No updates.
2016-09-22 15:58:48 - No updates.
2016-09-22 17:38:50 - No updates.
2016-09-22 19:18:51 - No updates.
2016-09-22 20:58:52 - No updates.
2016-09-22 22:38:53 - No updates.
2016-09-23 00:18:54 - No updates.
2016-09-23 01:58:55 - No updates.
2016-09-23 03:38:56 - No updates.
2016-09-23 05:18:57 - No updates.
2016-09-23 06:58:58 - No updates.
2016-09-23 08:38:59 - No updates.
2016-09-23 10:19:01 - No updates.
2016-09-23 11:59:02 - No updates.
2016-09-23 13:39:03 - No updates.
2016-09-23 15:19:04 - No updates.
2016-09-23 16:59:04 - No updates.
2016-09-23 18:39:05 - No updates.
2016-09-23 20:19:06 - No updates.
2016-09-23 21:59:08 - No updates.
2016-09-23 23:39:09 - No updates.
2016-09-24 01:19:10 - No updates.
2016-09-24 02:59:11 - No updates.
2016-09-24 04:39:12 - No updates.
2016-09-24 06:19:13 - No updates.
2016-09-24 07:59:14 - No updates.
2016-09-24 09:39:15 - No updates.
2016-09-24 11:19:16 - No updates.
2016-09-24 12:59:18 - No updates.
2016-09-24 14:39:19 - No updates.
2016-09-24 16:19:20 - No updates.
2016-09-24 17:59:21 - No updates.
2016-09-24 19:39:22 - No updates.
2016-09-24 21:19:23 - No updates.
2016-09-24 22:59:24 - No updates.
2016-09-25 00:39:25 - No updates.
2016-09-25 02:19:26 - No updates.
2016-09-25 03:59:28 - No updates.
2016-09-25 05:39:29 - No updates.
2016-09-25 07:19:30 - No updates.
2016-09-25 08:59:31 - No updates.
2016-09-25 10:39:32 - No updates.
2016-09-25 12:19:33 - No updates.
2016-09-25 13:59:34 - No updates.
2016-09-25 15:39:35 - No updates.
2016-09-25 17:19:37 - No updates.
2016-09-25 18:59:38 - No updates.
2016-09-25 20:39:39 - No updates.
2016-09-25 22:19:40 - No updates.
2016-09-25 23:59:41 - No updates.
2016-09-26 01:39:42 - No updates.
2016-09-26 03:19:43 - No updates.
2016-09-26 04:59:44 - No updates.
2016-09-26 06:39:45 - No updates.
2016-09-26 08:19:47 - No updates.
2016-09-26 09:59:53 - No updates.
2016-09-26 11:39:59 - No updates.
2016-09-26 13:20:04 - No updates.
2016-09-26 15:00:05 - No updates.
2016-09-26 16:40:06 - No updates.
2016-09-26 18:20:07 - No updates.
2016-09-26 20:00:08 - No updates.
2016-09-26 21:40:10 - No updates.
2016-09-26 23:20:11 - No updates.
2016-09-27 01:00:12 - No updates.
2016-09-27 02:40:13 - No updates.
2016-09-27 04:20:14 - No updates.
2016-09-27 06:00:15 - No updates.
2016-09-27 07:40:16 - No updates.
2016-09-27 09:20:17 - No updates.
2016-09-27 11:00:18 - No updates.
2016-09-27 12:40:19 - No updates.
2016-09-27 14:20:20 - No updates.
2016-09-27 16:00:21 - No updates.
2016-09-27 17:40:22 - No updates.
2016-09-27 19:20:23 - No updates.
2016-09-27 21:00:24 - No updates.
2016-09-27 22:40:26 - No updates.
2016-09-28 00:20:27 - No updates.
2016-09-28 02:00:28 - No updates.
2016-09-28 03:40:29 - No updates.
2016-09-28 05:20:30 - No updates.
2016-09-28 07:00:31 - No updates.
2016-09-28 08:40:32 - No updates.
2016-09-28 10:20:33 - No updates.
2016-09-28 12:00:34 - No updates.
2016-09-28 13:40:35 - No updates.
2016-09-28 15:20:36 - No updates.
2016-09-28 17:00:37 - No updates.
2016-09-28 18:40:38 - No updates.
2016-09-28 20:20:39 - No updates.
2016-09-28 22:00:40 - No updates.
2016-09-28 23:40:41 - No updates.
2016-09-29 01:20:43 - No updates.
2016-09-29 03:00:44 - No updates.
2016-09-29 04:40:45 - No updates.
2016-09-29 06:20:46 - No updates.
2016-09-29 08:00:47 - No updates.
2016-09-29 09:40:48 - No updates.
2016-09-29 11:20:49 - No updates.
2016-09-29 13:00:50 - No updates.
2016-09-29 14:40:50 - No updates.
2016-09-29 16:20:51 - No updates.
2016-09-29 18:00:52 - No updates.
2016-09-29 19:40:53 - No updates.
2016-09-29 21:20:55 - No updates.
2016-09-29 23:00:56 - No updates.
2016-09-30 00:40:57 - No updates.
2016-09-30 02:20:58 - No updates.
2016-09-30 04:00:59 - No updates.
2016-09-30 05:41:00 - No updates.
2016-09-30 07:21:01 - No updates.
2016-09-30 09:01:02 - No updates.
2016-09-30 10:41:03 - No updates.
2016-09-30 12:21:04 - No updates.
2016-09-30 14:01:05 - No updates.
2016-09-30 15:41:06 - No updates.
2016-09-30 17:21:07 - No updates.
2016-09-30 19:01:08 - No updates.
2016-09-30 20:41:09 - No updates.
2016-09-30 22:21:10 - No updates.
2016-10-01 00:01:11 - No updates.
2016-10-01 01:41:12 - No updates.
2016-10-01 03:21:13 - No updates.
2016-10-01 05:01:14 - No updates.
2016-10-01 06:41:15 - No updates.
2016-10-01 08:21:16 - No updates.
2016-10-01 10:01:17 - No updates.
2016-10-01 11:41:18 - No updates.
2016-10-01 13:21:19 - No updates.
2016-10-01 15:01:20 - No updates.
2016-10-01 16:41:22 - No updates.
2016-10-01 18:21:22 - No updates.
2016-10-01 20:01:23 - No updates.
2016-10-01 21:41:24 - No updates.
2016-10-01 23:21:25 - No updates.
2016-10-02 01:01:26 - No updates.
2016-10-02 02:41:28 - No updates.
2016-10-02 04:21:29 - No updates.
2016-10-02 06:01:30 - No updates.
2016-10-02 07:41:31 - No updates.
2016-10-02 09:21:32 - No updates.
2016-10-02 11:01:33 - No updates.
2016-10-02 12:41:34 - No updates.
2016-10-02 14:21:35 - No updates.
2016-10-02 16:01:36 - No updates.
2016-10-02 17:41:37 - No updates.
2016-10-02 19:21:38 - No updates.
2016-10-02 21:01:40 - No updates.
2016-10-02 22:41:41 - No updates.
2016-10-03 00:21:42 - No updates.
2016-10-03 02:01:43 - No updates.
2016-10-03 03:41:44 - No updates.
2016-10-03 05:21:45 - No updates.
2016-10-03 07:01:46 - No updates.
2016-10-03 08:41:47 - No updates.
2016-10-03 10:21:48 - No updates.
2016-10-03 12:01:49 - No updates.
2016-10-03 13:41:50 - No updates.
2016-10-03 15:21:51 - No updates.
2016-10-03 17:01:53 - No updates.
2016-10-03 18:41:54 - No updates.
2016-10-03 20:21:55 - No updates.
2016-10-03 22:01:56 - No updates.
2016-10-03 23:41:57 - No updates.
2016-10-04 01:21:58 - No updates.
2016-10-04 03:01:59 - No updates.
2016-10-04 04:42:00 - No updates.
2016-10-04 06:22:02 - No updates.
2016-10-04 08:02:03 - No updates.
2016-10-04 09:42:04 - No updates.
2016-10-04 11:22:05 - No updates.
2016-10-04 13:02:06 - No updates.
2016-10-04 14:42:07 - No updates.
2016-10-04 16:22:08 - No updates.
2016-10-04 18:02:10 - No updates.
2016-10-04 19:42:11 - No updates.
2016-10-04 21:22:12 - No updates.
2016-10-04 23:02:13 - No updates.
2016-10-05 00:42:14 - No updates.
2016-10-05 02:22:15 - No updates.
2016-10-05 04:02:16 - No updates.
2016-10-05 05:42:17 - No updates.
2016-10-05 07:22:18 - No updates.
2016-10-05 09:02:19 - No updates.
2016-10-05 10:42:21 - No updates.
2016-10-05 12:22:22 - No updates.
2016-10-05 14:02:23 - No updates.
2016-10-05 15:42:24 - No updates.
2016-10-05 17:22:25 - No updates.
2016-10-05 19:02:26 - No updates.
2016-10-05 20:42:27 - No updates.
2016-10-05 22:22:28 - No updates.
2016-10-06 00:02:29 - No updates.
2016-10-06 01:42:30 - No updates.
2016-10-06 03:22:31 - No updates.
2016-10-06 05:02:33 - No updates.
2016-10-06 06:42:34 - No updates.
2016-10-06 08:22:35 - No updates.
2016-10-06 10:02:36 - No updates.
2016-10-06 11:42:37 - No updates.
2016-10-06 13:22:38 - No updates.
2016-10-06 15:02:39 - No updates.
2016-10-06 16:42:40 - No updates.
2016-10-06 18:22:42 - No updates.
2016-10-06 20:02:43 - No updates.
2016-10-06 21:42:44 - No updates.
2016-10-06 23:22:45 - No updates.
2016-10-07 01:02:46 - No updates.
2016-10-07 02:42:47 - No updates.
2016-10-07 04:22:48 - No updates.
2016-10-07 06:02:49 - No updates.
2016-10-07 07:42:50 - No updates.
2016-10-07 09:22:51 - No updates.
2016-10-07 11:02:53 - No updates.
2016-10-07 12:42:54 - No updates.
2016-10-07 14:22:55 - No updates.
2016-10-07 16:02:56 - No updates.
2016-10-07 17:42:57 - No updates.
2016-10-07 19:22:58 - No updates.
2016-10-07 21:02:59 - No updates.
2016-10-07 22:43:00 - No updates.
2016-10-08 00:23:01 - No updates.
2016-10-08 02:03:02 - No updates.
2016-10-08 03:43:04 - No updates.
2016-10-08 05:23:05 - No updates.
2016-10-08 07:03:06 - No updates.
2016-10-08 08:43:07 - No updates.
2016-10-08 10:23:08 - No updates.
2016-10-08 12:03:09 - No updates.
2016-10-08 13:43:10 - No updates.
2016-10-08 15:23:11 - No updates.
2016-10-08 17:03:12 - No updates.
2016-10-08 18:43:13 - No updates.
2016-10-08 20:23:15 - No updates.
2016-10-08 22:03:16 - No updates.
2016-10-08 23:43:17 - No updates.
2016-10-09 01:23:18 - No updates.
2016-10-09 03:03:19 - No updates.
2016-10-09 04:43:20 - No updates.
2016-10-09 06:23:21 - No updates.
2016-10-09 08:03:22 - No updates.
2016-10-09 09:43:23 - No updates.
2016-10-09 11:23:25 - No updates.
2016-10-09 13:03:26 - No updates.
2016-10-09 14:43:27 - No updates.
2016-10-09 16:23:28 - No updates.
2016-10-09 18:03:29 - No updates.
2016-10-09 19:43:30 - No updates.
2016-10-09 21:23:31 - No updates.
2016-10-09 23:03:32 - No updates.
2016-10-10 00:43:33 - No updates.
2016-10-10 02:23:34 - No updates.
2016-10-10 04:03:36 - No updates.
2016-10-10 05:43:37 - No updates.
2016-10-10 07:23:38 - No updates.
2016-10-10 09:03:39 - No updates.
2016-10-10 10:43:40 - No updates.
2016-10-10 12:23:41 - No updates.
2016-10-10 14:03:42 - No updates.
2016-10-10 15:43:43 - No updates.
2016-10-10 17:23:44 - No updates.
2016-10-10 19:03:45 - No updates.
2016-10-10 20:43:46 - No updates.
2016-10-10 22:23:47 - No updates.
2016-10-11 00:03:48 - No updates.
2016-10-11 01:43:49 - No updates.
2016-10-11 03:23:50 - No updates.
2016-10-11 05:03:51 - No updates.
2016-10-11 06:43:52 - No updates.
2016-10-11 08:23:54 - No updates.
2016-10-11 10:03:55 - No updates.
2016-10-11 11:43:56 - No updates.
2016-10-11 13:23:57 - No updates.
2016-10-11 15:03:58 - No updates.
2016-10-11 16:43:59 - No updates.
2016-10-11 18:24:00 - No updates.
2016-10-11 20:04:01 - No updates.
2016-10-11 21:44:02 - No updates.
2016-10-11 23:24:03 - No updates.
2016-10-12 01:04:04 - No updates.
2016-10-12 02:44:05 - No updates.
2016-10-12 04:24:06 - No updates.
2016-10-12 06:04:07 - No updates.
2016-10-12 07:44:08 - No updates.
2016-10-12 09:24:09 - No updates.
2016-10-12 11:04:10 - No updates.
2016-10-12 12:44:12 - No updates.
2016-10-12 14:24:13 - No updates.
2016-10-12 16:04:14 - No updates.
2016-10-12 17:44:15 - No updates.
2016-10-12 19:24:16 - No updates.
2016-10-12 21:04:17 - No updates.
2016-10-12 22:44:18 - No updates.
2016-10-13 00:24:19 - No updates.
2016-10-13 02:04:20 - No updates.
2016-10-13 03:44:21 - No updates.
2016-10-13 05:24:23 - No updates.
2016-10-13 07:04:24 - No updates.
2016-10-13 08:44:25 - No updates.
2016-10-13 10:24:26 - No updates.
2016-10-13 12:04:27 - No updates.
2016-10-13 13:44:28 - No updates.
2016-10-13 15:24:29 - No updates.
2016-10-13 17:04:30 - No updates.
2016-10-13 18:44:31 - No updates.
2016-10-13 20:24:32 - No updates.
2016-10-13 22:04:33 - No updates.
2016-10-13 23:44:35 - No updates.
2016-10-14 01:24:36 - No updates.
2016-10-14 03:04:37 - No updates.
2016-10-14 04:44:38 - No updates.
2016-10-14 06:24:39 - No updates.
2016-10-14 08:04:40 - No updates.
2016-10-14 09:44:41 - No updates.
2016-10-14 11:24:42 - No updates.
2016-10-14 13:04:43 - No updates.
2016-10-14 14:44:44 - No updates.
2016-10-14 16:24:46 - No updates.
2016-10-14 18:04:47 - No updates.
2016-10-14 19:44:48 - No updates.
2016-10-14 21:24:49 - No updates.
2016-10-14 23:04:50 - No updates.
2016-10-15 00:44:51 - No updates.
2016-10-15 02:24:52 - No updates.
2016-10-15 04:04:53 - No updates.
2016-10-15 05:44:54 - No updates.
2016-10-15 07:24:55 - No updates.
2016-10-15 09:04:57 - No updates.
2016-10-15 10:44:58 - No updates.
2016-10-15 12:24:59 - No updates.
2016-10-15 14:05:00 - No updates.
2016-10-15 15:45:01 - No updates.
2016-10-15 17:25:03 - No updates.
2016-10-15 19:05:04 - No updates.
2016-10-15 20:45:05 - No updates.
2016-10-15 22:25:06 - No updates.
2016-10-16 00:05:07 - No updates.
2016-10-16 01:45:08 - No updates.
2016-10-16 03:25:09 - No updates.
2016-10-16 05:05:10 - No updates.
2016-10-16 06:45:11 - No updates.
2016-10-16 08:25:12 - No updates.
2016-10-16 10:05:14 - No updates.
2016-10-16 11:45:15 - No updates.
2016-10-16 13:25:16 - No updates.
2016-10-16 15:05:17 - No updates.
2016-10-16 16:45:18 - No updates.
2016-10-16 18:25:19 - No updates.
2016-10-16 20:05:20 - No updates.
2016-10-16 21:45:21 - No updates.
2016-10-16 23:25:22 - No updates.
2016-10-17 01:05:23 - No updates.
2016-10-17 02:45:24 - No updates.
2016-10-17 04:25:25 - No updates.
2016-10-17 06:05:26 - No updates.
2016-10-17 07:45:28 - No updates.
2016-10-17 09:25:29 - No updates.
2016-10-17 11:05:30 - No updates.
2016-10-17 12:45:31 - No updates.
2016-10-17 14:25:32 - No updates.
2016-10-17 16:05:33 - No updates.
2016-10-17 17:45:34 - No updates.
2016-10-17 19:25:35 - No updates.
2016-10-17 21:05:36 - No updates.
2016-10-17 22:45:37 - No updates.
2016-10-18 00:25:38 - No updates.
2016-10-18 02:05:39 - No updates.
2016-10-18 03:45:41 - No updates.
2016-10-18 05:25:42 - No updates.
2016-10-18 07:05:43 - No updates.
2016-10-18 08:45:44 - No updates.
2016-10-18 10:25:45 - No updates.
2016-10-18 12:05:46 - No updates.
2016-10-18 13:45:47 - No updates.
2016-10-18 15:25:48 - No updates.
2016-10-18 17:05:50 - No updates.
2016-10-18 18:45:51 - No updates.
2016-10-18 20:25:52 - No updates.
2016-10-18 22:05:53 - No updates.
2016-10-18 23:45:54 - No updates.
2016-10-19 01:25:55 - No updates.
2016-10-19 03:05:56 - No updates.
2016-10-19 04:45:57 - No updates.
2016-10-19 06:25:58 - No updates.
2016-10-19 08:05:59 - No updates.
2016-10-19 09:46:00 - No updates.
2016-10-19 11:26:02 - No updates.
2016-10-19 13:06:03 - No updates.
2016-10-19 14:46:04 - No updates.
2016-10-19 16:26:05 - No updates.
2016-10-19 18:06:07 - No updates.
2016-10-19 19:46:08 - No updates.
2016-10-19 21:26:09 - No updates.
2016-10-19 23:06:10 - No updates.
2016-10-20 00:46:11 - No updates.
2016-10-20 02:26:12 - No updates.
2016-10-20 04:06:13 - No updates.
2016-10-20 05:46:14 - No updates.
2016-10-20 07:26:15 - No updates.
2016-10-20 09:06:16 - No updates.
2016-10-20 10:46:17 - No updates.
2016-10-20 12:26:18 - No updates.
2016-10-20 14:06:19 - No updates.
2016-10-20 15:46:20 - No updates.
2016-10-20 17:26:21 - No updates.
2016-10-20 19:06:23 - No updates.
2016-10-20 20:46:24 - No updates.
2016-10-20 22:26:25 - No updates.
2016-10-21 00:06:26 - No updates.
2016-10-21 01:46:27 - No updates.
2016-10-21 03:26:28 - No updates.
2016-10-21 05:06:29 - No updates.
2016-10-21 06:46:30 - No updates.
2016-10-21 08:26:31 - No updates.
2016-10-21 10:06:32 - No updates.
2016-10-21 11:46:34 - No updates.
2016-10-21 13:26:36 - No updates.
2016-10-21 15:06:37 - No updates.
2016-10-21 16:46:39 - No updates.
2016-10-21 18:26:40 - No updates.
2016-10-21 20:06:42 - No updates.
2016-10-21 21:46:45 - No updates.
2016-10-21 23:26:46 - No updates.
2016-10-22 01:06:47 - No updates.
2016-10-22 02:46:48 - No updates.
2016-10-22 04:26:49 - No updates.
2016-10-22 06:06:50 - No updates.
2016-10-22 07:46:51 - No updates.
2016-10-22 09:26:52 - No updates.
2016-10-22 11:06:53 - No updates.
2016-10-22 12:46:55 - No updates.
2016-10-22 14:26:56 - No updates.
2016-10-22 16:06:57 - No updates.
2016-10-22 17:46:58 - No updates.
2016-10-22 19:26:59 - No updates.
2016-10-22 21:07:00 - No updates.
2016-10-22 22:47:01 - No updates.
2016-10-23 00:27:02 - No updates.
2016-10-23 02:07:03 - No updates.
2016-10-23 03:47:04 - No updates.
2016-10-23 05:27:05 - No updates.
2016-10-23 07:07:06 - No updates.
2016-10-23 08:47:07 - No updates.
2016-10-23 10:27:09 - No updates.
2016-10-23 12:07:10 - No updates.
2016-10-23 13:47:11 - No updates.
2016-10-23 15:27:12 - No updates.
2016-10-23 17:07:13 - No updates.
2016-10-23 18:47:14 - No updates.
2016-10-23 20:27:15 - No updates.
2016-10-23 22:07:16 - No updates.
2016-10-23 23:47:19 - No updates.
2016-10-24 01:27:20 - No updates.
2016-10-24 03:07:21 - No updates.
2016-10-24 04:47:22 - No updates.
2016-10-24 06:27:23 - No updates.
2016-10-24 08:07:24 - No updates.
2016-10-24 09:47:26 - No updates.
2016-10-24 11:27:27 - No updates.
2016-10-24 13:07:28 - No updates.
2016-10-24 14:47:29 - No updates.
2016-10-24 16:27:30 - No updates.
2016-10-24 18:07:31 - No updates.
2016-10-24 19:47:32 - No updates.
2016-10-24 21:27:33 - No updates.
2016-10-24 23:07:34 - No updates.
2016-10-25 00:47:35 - No updates.
2016-10-25 02:27:37 - No updates.
2016-10-25 04:07:39 - No updates.
2016-10-25 05:47:40 - No updates.
2016-10-25 07:27:41 - No updates.
2016-10-25 09:07:42 - No updates.
2016-10-25 10:47:43 - No updates.
2016-10-25 12:27:44 - No updates.
2016-10-25 14:07:45 - No updates.
2016-10-25 15:47:46 - No updates.
2016-10-25 17:27:47 - No updates.
2016-10-25 19:07:49 - No updates.
2016-10-25 20:47:50 - No updates.
2016-10-25 22:27:51 - No updates.
2016-10-26 00:07:52 - No updates.
2016-10-26 01:47:53 - No updates.
2016-10-26 03:27:54 - No updates.
2016-10-26 05:07:55 - No updates.
2016-10-26 06:47:57 - No updates.
2016-10-26 08:27:58 - No updates.
2016-10-26 10:07:59 - No updates.
2016-10-26 11:48:00 - No updates.
2016-10-26 13:28:01 - No updates.
2016-10-26 15:08:02 - No updates.
2016-10-26 16:48:04 - No updates.
2016-10-26 18:28:04 - No updates.
2016-10-26 20:08:05 - No updates.
2016-10-26 21:48:06 - No updates.
2016-10-26 23:28:07 - No updates.
2016-10-27 01:08:08 - No updates.
2016-10-27 02:48:09 - No updates.
2016-10-27 04:28:11 - No updates.
2016-10-27 06:08:12 - No updates.
2016-10-27 07:48:13 - No updates.
2016-10-27 09:28:14 - No updates.
2016-10-27 11:08:14 - No updates.
2016-10-27 12:48:15 - No updates.
2016-10-27 14:28:16 - No updates.
2016-10-27 16:08:17 - No updates.
2016-10-27 17:48:18 - No updates.
2016-10-27 19:28:19 - No updates.
2016-10-27 21:08:21 - No updates.
2016-10-27 22:48:22 - No updates.
2016-10-28 00:28:23 - No updates.
2016-10-28 02:08:24 - No updates.
2016-10-28 03:48:25 - No updates.
2016-10-28 05:28:26 - No updates.
2016-10-28 07:08:27 - No updates.
2016-10-28 08:48:28 - No updates.
2016-10-28 10:28:29 - No updates.
2016-10-28 12:08:31 - No updates.
2016-10-28 13:48:30 - No updates.
2016-10-28 15:28:31 - No updates.
2016-10-28 17:08:32 - No updates.
2016-10-28 18:48:33 - No updates.
2016-10-28 20:28:34 - No updates.
2016-10-28 22:08:35 - No updates.
2016-10-28 23:48:36 - No updates.
2016-10-29 01:28:37 - No updates.
2016-10-29 03:08:38 - No updates.
2016-10-29 04:48:39 - No updates.
2016-10-29 06:28:40 - No updates.
2016-10-29 08:08:41 - No updates.
2016-10-29 09:48:43 - No updates.
2016-10-29 11:28:44 - No updates.
2016-10-29 13:08:45 - No updates.
2016-10-29 14:48:46 - No updates.
2016-10-29 16:28:47 - No updates.
2016-10-29 18:08:48 - No updates.
2016-10-29 19:48:49 - No updates.
2016-10-29 21:28:50 - No updates.
2016-10-29 23:08:51 - No updates.
2016-10-30 00:48:52 - No updates.
2016-10-30 02:28:54 - No updates.
2016-10-30 04:08:55 - No updates.
2016-10-30 05:48:54 - No updates.
2016-10-30 07:28:55 - No updates.
2016-10-30 09:08:56 - No updates.
2016-10-30 10:48:57 - No updates.
2016-10-30 12:28:58 - No updates.
2016-10-30 14:08:59 - No updates.
2016-10-30 15:49:00 - No updates.
2016-10-30 17:29:01 - No updates.
2016-10-30 19:09:02 - No updates.
2016-10-30 20:49:04 - No updates.
2016-10-30 22:29:05 - No updates.
2016-10-31 00:09:06 - No updates.
2016-10-31 01:49:07 - No updates.
2016-10-31 03:29:08 - No updates.
2016-10-31 05:09:09 - No updates.
2016-10-31 06:49:10 - No updates.
2016-10-31 08:29:11 - No updates.
2016-10-31 10:09:12 - No updates.
2016-10-31 11:49:14 - No updates.
2016-10-31 13:29:15 - No updates.
2016-10-31 15:09:16 - No updates.
2016-10-31 16:49:15 - No updates.
2016-10-31 18:29:16 - No updates.
2016-10-31 20:09:17 - No updates.
2016-10-31 21:49:18 - No updates.
2016-10-31 23:29:19 - No updates.
2016-11-01 01:09:20 - No updates.
2016-11-01 02:49:21 - No updates.
2016-11-01 04:29:23 - No updates.
2016-11-01 06:09:24 - No updates.
2016-11-01 07:49:25 - No updates.
2016-11-01 09:29:26 - No updates.
2016-11-01 11:09:26 - No updates.
2016-11-01 12:49:27 - No updates.
2016-11-01 14:29:28 - No updates.
2016-11-01 16:09:29 - No updates.
2016-11-01 17:49:30 - No updates.
2016-11-01 19:29:31 - No updates.
2016-11-01 21:09:32 - No updates.
2016-11-01 22:49:33 - No updates.
2016-11-02 00:29:34 - No updates.
2016-11-02 02:09:35 - No updates.
2016-11-02 03:49:36 - No updates.
2016-11-02 05:29:37 - No updates.
2016-11-02 07:09:38 - No updates.
2016-11-02 08:49:39 - No updates.
2016-11-02 10:29:40 - No updates.
2016-11-02 12:09:41 - No updates.
2016-11-02 13:49:42 - No updates.
2016-11-02 15:29:43 - No updates.
2016-11-02 17:09:44 - No updates.
2016-11-02 18:49:45 - No updates.
2016-11-02 20:29:46 - No updates.
2016-11-02 22:09:47 - No updates.
2016-11-02 23:49:49 - No updates.
2016-11-03 01:29:50 - No updates.
2016-11-03 03:09:49 - No updates.
2016-11-03 04:49:50 - No updates.
2016-11-03 06:29:51 - No updates.
2016-11-03 08:09:52 - No updates.
2016-11-03 09:49:53 - No updates.
2016-11-03 11:29:54 - No updates.
2016-11-03 13:09:55 - No updates.
2016-11-03 14:49:56 - No updates.
2016-11-03 16:29:58 - Pulling changes.
2016-11-03 16:29:59 - Updating 80bbb30..f8532e3
2016-11-03 16:29:59 - Fast-forward
2016-11-03 16:29:59 -  pages/contact/page.html   | 54 +++++++++++++++++++++++++++++++++++++++++++++++
2016-11-03 16:29:59 -  pages/highscore/page.html | 22 ++-----------------
2016-11-03 16:29:59 -  pages/page.html           |  2 +-
2016-11-03 16:29:59 -  3 files changed, 57 insertions(+), 21 deletions(-)
2016-11-03 16:29:59 -  create mode 100644 pages/contact/page.html
2016-11-03 16:29:59 - 2016-11-03 16:30:00 - No updates.
2016-11-03 18:10:01 - No updates.
2016-11-03 19:50:02 - No updates.
2016-11-03 21:30:03 - No updates.
2016-11-03 23:10:24 - No updates.
2016-11-04 00:50:25 - No updates.
2016-11-04 02:30:26 - No updates.
2016-11-04 04:10:27 - No updates.
2016-11-04 05:50:28 - No updates.
2016-11-04 07:30:29 - No updates.
2016-11-04 09:10:30 - No updates.
2016-11-04 10:50:32 - No updates.
2016-11-04 12:30:33 - No updates.
2016-11-04 14:10:34 - No updates.
2016-11-04 15:50:35 - No updates.
2016-11-04 17:30:36 - No updates.
2016-11-04 19:10:37 - No updates.
2016-11-04 20:50:36 - No updates.
2016-11-04 22:30:37 - No updates.
2016-11-05 00:10:38 - No updates.
2016-11-05 01:50:39 - No updates.
2016-11-05 03:30:40 - No updates.
2016-11-05 05:10:41 - No updates.
2016-11-05 06:50:42 - No updates.
2016-11-05 08:30:43 - No updates.
2016-11-05 10:10:44 - No updates.
2016-11-05 11:50:45 - No updates.
2016-11-05 13:30:46 - No updates.
2016-11-05 15:10:47 - No updates.
2016-11-05 16:50:48 - No updates.
2016-11-05 18:30:49 - No updates.
2016-11-05 20:10:50 - No updates.
2016-11-05 21:50:51 - No updates.
2016-11-05 23:30:52 - No updates.
2016-11-06 01:10:53 - No updates.
2016-11-06 02:50:54 - No updates.
2016-11-06 04:30:55 - No updates.
2016-11-06 06:10:57 - No updates.
2016-11-06 07:50:58 - No updates.
2016-11-06 09:30:59 - No updates.
2016-11-06 11:11:00 - No updates.
2016-11-06 12:51:01 - No updates.
2016-11-06 14:31:02 - No updates.
2016-11-06 16:11:04 - No updates.
2016-11-06 17:51:05 - No updates.
2016-11-06 19:31:06 - No updates.
2016-11-06 21:11:07 - No updates.
2016-11-06 22:51:08 - No updates.
2016-11-07 00:31:09 - No updates.
2016-11-07 02:11:10 - No updates.
2016-11-07 03:51:11 - No updates.
2016-11-07 05:31:12 - No updates.
2016-11-07 07:11:13 - No updates.
2016-11-07 08:51:14 - No updates.
2016-11-07 10:31:15 - No updates.
2016-11-07 12:11:17 - No updates.
2016-11-07 13:51:18 - No updates.
2016-11-07 15:31:19 - No updates.
2016-11-07 17:11:20 - No updates.
2016-11-07 18:51:21 - No updates.
2016-11-07 20:31:22 - No updates.
2016-11-07 22:11:23 - No updates.
2016-11-07 23:51:24 - No updates.
2016-11-08 01:31:25 - No updates.
2016-11-08 03:11:26 - No updates.
2016-11-08 04:51:27 - No updates.
2016-11-08 06:31:28 - No updates.
2016-11-08 08:11:29 - No updates.
2016-11-08 09:51:31 - No updates.
2016-11-08 11:31:32 - No updates.
2016-11-08 13:11:33 - No updates.
2016-11-08 14:51:34 - No updates.
2016-11-08 16:31:35 - No updates.
2016-11-08 18:11:36 - No updates.
2016-11-08 19:51:37 - No updates.
2016-11-08 21:31:38 - No updates.
2016-11-08 23:11:39 - No updates.
2016-11-09 00:51:40 - No updates.
2016-11-09 02:31:42 - No updates.
2016-11-09 04:11:43 - No updates.
2016-11-09 05:51:44 - No updates.
2016-11-09 07:31:45 - No updates.
2016-11-09 09:11:46 - No updates.
2016-11-09 10:51:47 - No updates.
2016-11-09 12:31:48 - No updates.
2016-11-09 14:11:50 - No updates.
2016-11-09 15:51:51 - No updates.
2016-11-09 17:31:52 - No updates.
2016-11-09 19:11:53 - No updates.
2016-11-09 20:51:54 - No updates.
2016-11-09 22:31:55 - No updates.
2016-11-10 00:11:56 - No updates.
2016-11-10 01:51:58 - No updates.
2016-11-10 03:31:59 - No updates.
2016-11-10 05:12:00 - No updates.
2016-11-10 06:52:01 - No updates.
2016-11-10 08:32:02 - No updates.
2016-11-10 10:12:03 - No updates.
2016-11-10 11:52:04 - No updates.
2016-11-10 13:32:06 - No updates.
2016-11-10 15:12:07 - No updates.
2016-11-10 16:52:08 - No updates.
2016-11-10 18:32:09 - No updates.
2016-11-10 20:12:10 - No updates.
2016-11-10 21:52:11 - No updates.
2016-11-10 23:32:12 - No updates.
2016-11-11 01:12:13 - No updates.
2016-11-11 02:52:15 - No updates.
2016-11-11 04:32:16 - No updates.
2016-11-11 06:12:17 - No updates.
2016-11-11 07:52:18 - No updates.
2016-11-11 09:32:19 - No updates.
2016-11-11 11:12:20 - No updates.
2016-11-11 12:52:21 - No updates.
2016-11-11 14:32:22 - No updates.
2016-11-11 16:12:23 - No updates.
2016-11-11 17:52:25 - No updates.
2016-11-11 19:32:26 - No updates.
2016-11-11 21:12:27 - No updates.
2016-11-11 22:52:28 - No updates.
2016-11-12 00:32:29 - No updates.
2016-11-12 02:12:30 - No updates.
2016-11-12 03:52:31 - No updates.
2016-11-12 05:32:33 - No updates.
2016-11-12 07:12:34 - No updates.
2016-11-12 08:52:35 - No updates.
2016-11-12 10:32:36 - No updates.
2016-11-12 12:12:37 - No updates.
2016-11-12 13:52:38 - No updates.
2016-11-12 15:32:39 - No updates.
2016-11-12 17:12:40 - No updates.
2016-11-12 18:52:41 - No updates.
2016-11-12 20:32:43 - No updates.
2016-11-12 22:12:44 - No updates.
2016-11-12 23:52:45 - No updates.
2016-11-13 01:32:46 - No updates.
2016-11-13 03:12:47 - No updates.
2016-11-13 04:52:48 - No updates.
2016-11-13 06:32:50 - No updates.
2016-11-13 08:12:51 - No updates.
2016-11-13 09:52:52 - No updates.
2016-11-13 11:32:53 - No updates.
2016-11-13 13:12:54 - No updates.
2016-11-13 14:52:55 - No updates.
2016-11-13 16:32:56 - No updates.
2016-11-13 18:12:57 - No updates.
2016-11-13 19:52:59 - No updates.
2016-11-13 21:33:00 - No updates.
2016-11-13 23:13:01 - No updates.
2016-11-14 00:53:02 - No updates.
2016-11-14 02:33:03 - No updates.
2016-11-14 04:13:04 - No updates.
2016-11-14 05:53:05 - No updates.
2016-11-14 07:33:07 - No updates.
2016-11-14 09:13:08 - No updates.
2016-11-14 10:53:09 - No updates.
2016-11-14 12:33:10 - No updates.
2016-11-14 14:13:11 - No updates.
2016-11-14 15:53:12 - No updates.
2016-11-14 17:33:13 - No updates.
2016-11-14 19:13:14 - No updates.
2016-11-14 20:53:15 - No updates.
2016-11-14 22:33:16 - No updates.
2016-11-15 00:13:18 - No updates.
2016-11-15 01:53:19 - No updates.
2016-11-15 03:33:20 - No updates.
2016-11-15 05:13:21 - No updates.
2016-11-15 06:53:22 - No updates.
2016-11-15 08:33:23 - No updates.
2016-11-15 10:13:24 - No updates.
2016-11-15 11:53:25 - No updates.
2016-11-15 13:33:27 - No updates.
2016-11-15 15:13:28 - No updates.
2016-11-15 16:53:29 - No updates.
2016-11-15 18:33:30 - No updates.
2016-11-15 20:13:31 - No updates.
2016-11-15 21:53:32 - No updates.
2016-11-15 23:33:34 - No updates.
2016-11-16 01:13:35 - No updates.
2016-11-16 02:53:36 - No updates.
2016-11-16 04:33:37 - No updates.
2016-11-16 06:13:38 - No updates.
2016-11-16 07:53:39 - No updates.
2016-11-16 09:33:40 - No updates.
2016-11-16 11:13:42 - No updates.
2016-11-16 12:53:43 - No updates.
2016-11-16 14:33:44 - No updates.
2016-11-16 16:13:45 - No updates.
2016-11-16 17:53:46 - No updates.
2016-11-16 19:33:47 - No updates.
2016-11-16 21:13:48 - No updates.
2016-11-16 22:53:49 - No updates.
2016-11-17 00:33:50 - No updates.
2016-11-17 02:13:51 - No updates.
2016-11-17 03:53:52 - No updates.
2016-11-17 05:33:54 - No updates.
2016-11-17 07:13:55 - No updates.
2016-11-17 08:53:56 - No updates.
2016-11-17 10:33:57 - No updates.
2016-11-17 12:13:58 - No updates.
2016-11-17 13:53:59 - No updates.
2016-11-17 15:34:00 - No updates.
2016-11-17 17:14:02 - No updates.
2016-11-17 18:54:03 - No updates.
2016-11-17 20:34:04 - No updates.
2016-11-17 22:14:05 - No updates.
2016-11-17 23:54:06 - No updates.
2016-11-18 01:34:08 - No updates.
2016-11-18 03:14:09 - No updates.
2016-11-18 04:54:10 - No updates.
2016-11-18 06:34:11 - No updates.
2016-11-18 08:14:12 - No updates.
2016-11-18 09:54:13 - No updates.
2016-11-18 11:34:14 - No updates.
2016-11-18 13:14:16 - No updates.
2016-11-18 14:54:17 - No updates.
2016-11-18 16:34:18 - No updates.
2016-11-18 18:14:19 - No updates.
2016-11-18 19:54:20 - No updates.
2016-11-18 21:34:21 - No updates.
2016-11-18 23:14:22 - No updates.
2016-11-19 00:54:23 - No updates.
2016-11-19 02:34:24 - No updates.
2016-11-19 04:14:26 - No updates.
2016-11-19 05:54:27 - No updates.
2016-11-19 07:34:28 - No updates.
2016-11-19 09:14:29 - No updates.
2016-11-19 10:54:30 - No updates.
2016-11-19 12:34:31 - No updates.
2016-11-19 14:14:33 - No updates.
2016-11-19 15:54:34 - No updates.
2016-11-19 17:34:35 - No updates.
2016-11-19 19:14:36 - No updates.
2016-11-19 20:54:37 - No updates.
2016-11-19 22:34:38 - No updates.
2016-11-20 00:14:39 - No updates.
2016-11-20 01:54:40 - No updates.
2016-11-20 03:34:41 - No updates.
2016-11-20 05:14:43 - No updates.
2016-11-20 06:54:44 - No updates.
2016-11-20 08:34:45 - No updates.
2016-11-20 10:14:46 - No updates.
2016-11-20 11:54:47 - No updates.
2016-11-20 13:34:48 - No updates.
2016-11-20 15:14:49 - No updates.
2016-11-20 16:54:51 - No updates.
2016-11-20 18:34:52 - No updates.
2016-11-20 20:14:53 - No updates.
2016-11-20 21:54:54 - No updates.
2016-11-20 23:34:55 - No updates.
2016-11-21 01:14:56 - No updates.
2016-11-21 02:54:58 - No updates.
2016-11-21 04:34:59 - No updates.
2016-11-21 06:15:00 - No updates.
2016-11-21 07:55:01 - No updates.
2016-11-21 09:35:03 - No updates.
2016-11-21 11:15:04 - No updates.
2016-11-21 12:55:06 - No updates.
2016-11-21 14:35:07 - No updates.
2016-11-21 16:15:08 - No updates.
2016-11-21 17:55:09 - No updates.
2016-11-21 19:35:10 - No updates.
2016-11-21 21:15:11 - No updates.
2016-11-21 22:55:13 - No updates.
2016-11-22 00:35:14 - No updates.
2016-11-22 02:15:15 - No updates.
2016-11-22 03:55:16 - No updates.
2016-11-22 05:35:17 - No updates.
2016-11-22 07:15:18 - No updates.
2016-11-22 08:55:19 - No updates.
2016-11-22 10:35:20 - No updates.
2016-11-22 12:15:21 - No updates.
2016-11-22 13:55:22 - No updates.
2016-11-22 15:35:23 - No updates.
2016-11-22 17:15:25 - No updates.
2016-11-22 18:55:26 - No updates.
2016-11-22 20:35:27 - No updates.
2016-11-22 22:15:28 - No updates.
2016-11-22 23:55:29 - No updates.
2016-11-23 01:35:30 - No updates.
2016-11-23 03:15:31 - No updates.
2016-11-23 04:55:32 - No updates.
2016-11-23 06:35:33 - No updates.
2016-11-23 08:15:35 - No updates.
2016-11-23 09:55:36 - No updates.
2016-11-23 11:35:37 - No updates.
2016-11-23 13:15:38 - No updates.
2016-11-23 14:55:39 - No updates.
2016-11-23 16:35:40 - No updates.
2016-11-23 18:15:41 - No updates.
2016-11-23 19:55:43 - No updates.
2016-11-23 21:35:44 - No updates.
2016-11-23 23:15:45 - No updates.
2016-11-24 00:55:46 - No updates.
2016-11-24 02:35:47 - No updates.
2016-11-24 04:15:48 - No updates.
2016-11-24 05:55:49 - No updates.
2016-11-24 07:35:50 - No updates.
2016-11-24 09:15:52 - No updates.
2016-11-24 10:55:53 - No updates.
2016-11-24 12:35:54 - No updates.
2016-11-24 14:15:55 - No updates.
2016-11-24 15:55:56 - No updates.
2016-11-24 17:35:57 - No updates.
2016-11-24 19:15:58 - No updates.
2016-11-24 20:56:00 - No updates.
2016-11-24 22:36:03 - No updates.
2016-11-25 00:16:04 - No updates.
2016-11-25 01:56:05 - No updates.
2016-11-25 03:36:06 - No updates.
2016-11-25 05:16:07 - No updates.
2016-11-25 06:56:08 - No updates.
2016-11-25 08:36:09 - No updates.
2016-11-25 10:16:10 - No updates.
2016-11-25 11:56:11 - No updates.
2016-11-25 13:36:13 - No updates.
2016-11-25 15:16:14 - No updates.
2016-11-25 16:56:15 - No updates.
2016-11-25 18:36:16 - No updates.
2016-11-25 20:16:17 - No updates.
2016-11-25 21:56:18 - No updates.
2016-11-25 23:36:19 - No updates.
2016-11-26 01:16:21 - No updates.
2016-11-26 02:56:22 - No updates.
2016-11-26 04:36:23 - No updates.
2016-11-26 06:16:24 - No updates.
2016-11-26 07:56:25 - No updates.
2016-11-26 09:36:26 - No updates.
2016-11-26 11:16:27 - No updates.
2016-11-26 12:56:29 - No updates.
2016-11-26 14:36:30 - No updates.
2016-11-26 16:16:31 - No updates.
2016-11-26 17:56:32 - No updates.
2016-11-26 19:36:33 - No updates.
2016-11-26 21:16:34 - No updates.
2016-11-26 22:56:35 - No updates.
2016-11-27 00:36:37 - No updates.
2016-11-27 02:16:38 - No updates.
2016-11-27 03:56:39 - No updates.
2016-11-27 05:36:40 - No updates.
2016-11-27 07:16:41 - No updates.
2016-11-27 08:56:42 - No updates.
2016-11-27 10:36:43 - No updates.
2016-11-27 12:16:44 - No updates.
2016-11-27 13:56:50 - No updates.
2016-11-27 15:36:51 - No updates.
2016-11-27 17:16:52 - No updates.
2016-11-27 18:56:53 - No updates.
2016-11-27 20:36:54 - No updates.
2016-11-27 22:16:56 - No updates.
2016-11-27 23:56:57 - No updates.
2016-11-28 01:36:58 - No updates.
2016-11-28 03:16:59 - No updates.
2016-11-28 04:57:00 - No updates.
2016-11-28 06:37:01 - No updates.
2016-11-28 08:17:02 - No updates.
2016-11-28 09:57:04 - No updates.
2016-11-28 11:37:05 - No updates.
2016-11-28 13:17:06 - No updates.
2016-11-28 14:57:07 - No updates.
2016-11-28 16:37:08 - No updates.
2016-11-28 18:17:09 - No updates.
2016-11-28 19:57:12 - No updates.
2016-11-28 21:37:13 - No updates.
2016-11-28 23:17:14 - No updates.
2016-11-29 00:57:15 - No updates.
2016-11-29 02:37:16 - No updates.
2016-11-29 04:17:18 - No updates.
2016-11-29 05:57:19 - No updates.
2016-11-29 07:37:20 - No updates.
2016-11-29 09:17:21 - No updates.
2016-11-29 10:57:22 - No updates.
2016-11-29 12:37:23 - No updates.
2016-11-29 14:17:24 - No updates.
2016-11-29 15:57:26 - No updates.
2016-11-29 17:37:27 - No updates.
2016-11-29 19:17:28 - No updates.
2016-11-29 20:57:29 - No updates.
2016-11-29 22:37:31 - No updates.
2016-11-30 00:17:32 - No updates.
2016-11-30 01:57:33 - No updates.
2016-11-30 03:37:35 - No updates.
2016-11-30 05:17:36 - No updates.
2016-11-30 06:57:37 - No updates.
2016-11-30 08:37:38 - No updates.
2016-11-30 10:17:39 - No updates.
2016-11-30 11:57:40 - No updates.
2016-11-30 13:37:41 - No updates.
2016-11-30 15:17:42 - No updates.
2016-11-30 16:57:44 - No updates.
2016-11-30 18:37:46 - No updates.
2016-11-30 20:17:47 - No updates.
2016-11-30 21:57:49 - No updates.
2016-11-30 23:37:50 - No updates.
2016-12-01 01:17:51 - No updates.
2016-12-01 02:57:53 - No updates.
2016-12-01 04:37:54 - No updates.
2016-12-01 06:17:55 - No updates.
2016-12-01 07:57:56 - No updates.
2016-12-01 09:37:57 - No updates.
2016-12-01 11:17:58 - No updates.
2016-12-01 12:57:59 - No updates.
2016-12-01 14:38:00 - No updates.
2016-12-01 16:18:02 - No updates.
2016-12-01 17:58:03 - No updates.
2016-12-01 19:38:04 - No updates.
2016-12-01 21:18:05 - No updates.
2016-12-01 22:58:06 - No updates.
2016-12-02 00:38:07 - No updates.
2016-12-02 02:18:09 - No updates.
2016-12-02 03:58:10 - No updates.
2016-12-02 05:38:11 - No updates.
2016-12-02 07:18:12 - No updates.
2016-12-02 08:58:13 - No updates.
2016-12-02 10:38:14 - No updates.
2016-12-02 12:18:15 - No updates.
2016-12-02 13:58:17 - No updates.
2016-12-02 15:38:18 - No updates.
2016-12-02 17:18:17 - No updates.
2016-12-02 18:58:18 - No updates.
2016-12-02 20:38:20 - No updates.
2016-12-02 22:18:21 - No updates.
2016-12-02 23:58:22 - No updates.
2016-12-03 01:38:23 - No updates.
2016-12-03 03:18:24 - No updates.
2016-12-03 04:58:25 - No updates.
2016-12-03 06:38:26 - No updates.
2016-12-03 08:18:27 - No updates.
2016-12-03 09:58:29 - No updates.
2016-12-03 11:38:30 - No updates.
2016-12-03 13:18:31 - No updates.
2016-12-03 14:58:32 - No updates.
2016-12-03 16:38:33 - No updates.
2016-12-03 18:18:34 - No updates.
2016-12-03 19:58:35 - No updates.
2016-12-03 21:38:36 - No updates.
2016-12-03 23:18:37 - No updates.
2016-12-04 00:58:38 - No updates.
2016-12-04 02:38:39 - No updates.
2016-12-04 04:18:41 - No updates.
2016-12-04 05:58:42 - No updates.
2016-12-04 07:38:43 - No updates.
2016-12-04 09:18:44 - No updates.
2016-12-04 10:58:45 - No updates.
2016-12-04 12:38:46 - No updates.
2016-12-04 14:18:47 - No updates.
2016-12-04 15:58:48 - No updates.
2016-12-04 17:38:49 - No updates.
2016-12-04 19:18:51 - No updates.
2016-12-04 20:58:52 - No updates.
2016-12-04 22:38:53 - No updates.
2016-12-05 00:18:54 - No updates.
2016-12-05 01:58:55 - No updates.
2016-12-05 03:38:56 - No updates.
2016-12-05 05:18:57 - No updates.
2016-12-05 06:58:58 - No updates.
2016-12-05 08:39:00 - No updates.
2016-12-05 10:19:01 - No updates.
2016-12-05 11:59:02 - No updates.
2016-12-05 13:39:03 - No updates.
2016-12-05 15:19:04 - No updates.
2016-12-05 16:59:05 - No updates.
2016-12-05 18:39:06 - No updates.
2016-12-05 20:19:07 - No updates.
2016-12-05 21:59:09 - No updates.
2016-12-05 23:39:10 - No updates.
2016-12-06 01:19:11 - No updates.
2016-12-06 02:59:12 - No updates.
2016-12-06 04:39:13 - No updates.
2016-12-06 06:19:14 - No updates.
2016-12-06 07:59:15 - No updates.
2016-12-06 09:39:16 - No updates.
2016-12-06 11:19:17 - No updates.
2016-12-06 12:59:19 - No updates.
2016-12-06 14:39:20 - No updates.
2016-12-06 16:19:21 - No updates.
2016-12-06 17:59:22 - No updates.
2016-12-06 19:39:23 - No updates.
2016-12-06 21:19:24 - No updates.
2016-12-06 22:59:25 - No updates.
2016-12-07 00:39:26 - No updates.
2016-12-07 02:19:28 - No updates.
2016-12-07 03:59:29 - No updates.
2016-12-07 05:39:30 - No updates.
2016-12-07 07:19:31 - No updates.
2016-12-07 08:59:32 - No updates.
2016-12-07 10:39:33 - No updates.
2016-12-07 12:19:34 - No updates.
2016-12-07 13:59:35 - No updates.
2016-12-07 15:39:37 - No updates.
2016-12-07 17:19:38 - No updates.
2016-12-07 18:59:39 - No updates.
2016-12-07 20:39:40 - No updates.
2016-12-07 22:19:41 - No updates.
2016-12-07 23:59:42 - No updates.
2016-12-08 01:39:43 - No updates.
2016-12-08 03:19:45 - No updates.
2016-12-08 04:59:46 - No updates.
2016-12-08 06:39:47 - No updates.
2016-12-08 08:19:48 - No updates.
2016-12-08 09:59:49 - No updates.
2016-12-08 11:39:50 - No updates.
2016-12-08 13:19:51 - No updates.
2016-12-08 14:59:52 - No updates.
2016-12-08 16:39:53 - No updates.
2016-12-08 18:19:54 - No updates.
2016-12-08 19:59:56 - No updates.
2016-12-08 21:39:57 - No updates.
2016-12-08 23:19:58 - No updates.
2016-12-09 00:59:59 - No updates.
2016-12-09 02:40:00 - No updates.
2016-12-09 04:20:02 - No updates.
2016-12-09 06:00:03 - No updates.
2016-12-09 07:40:04 - No updates.
2016-12-09 09:20:06 - No updates.
2016-12-09 11:00:07 - No updates.
2016-12-09 12:40:08 - No updates.
2016-12-09 14:20:09 - No updates.
2016-12-09 16:00:10 - No updates.
2016-12-09 17:40:11 - No updates.
2016-12-09 19:20:12 - No updates.
2016-12-09 21:00:14 - No updates.
2016-12-09 22:40:15 - No updates.
2016-12-10 00:20:16 - No updates.
2016-12-10 02:00:17 - No updates.
2016-12-10 03:40:18 - No updates.
2016-12-10 05:20:19 - No updates.
2016-12-10 07:00:20 - No updates.
2016-12-10 08:40:22 - No updates.
2016-12-10 10:20:23 - No updates.
2016-12-10 12:00:24 - No updates.
2016-12-10 13:40:25 - No updates.
2016-12-10 15:20:26 - No updates.
2016-12-10 17:00:27 - No updates.
2016-12-10 18:40:28 - No updates.
2016-12-10 20:20:30 - No updates.
2016-12-10 22:00:31 - No updates.
2016-12-10 23:40:32 - No updates.
2016-12-11 01:20:33 - No updates.
2016-12-11 03:00:34 - No updates.
2016-12-11 04:40:35 - No updates.
2016-12-11 06:20:36 - No updates.
2016-12-11 08:00:37 - No updates.
2016-12-11 09:40:38 - No updates.
2016-12-11 11:20:39 - No updates.
2016-12-11 13:00:40 - No updates.
2016-12-11 14:40:42 - No updates.
2016-12-11 16:20:43 - No updates.
2016-12-11 18:00:44 - No updates.
2016-12-11 19:40:45 - No updates.
2016-12-11 21:20:46 - No updates.
2016-12-11 23:00:47 - No updates.
2016-12-12 00:40:48 - No updates.
2016-12-12 02:20:49 - No updates.
2016-12-12 04:00:51 - No updates.
2016-12-12 05:40:52 - No updates.
2016-12-12 07:20:53 - No updates.
2016-12-12 09:00:54 - No updates.
2016-12-12 10:40:55 - No updates.
2016-12-12 12:20:56 - No updates.
2016-12-12 14:00:58 - No updates.
2016-12-12 15:40:59 - No updates.
2016-12-12 17:21:00 - No updates.
2016-12-12 19:01:01 - No updates.
2016-12-12 20:41:02 - No updates.
2016-12-12 22:21:03 - No updates.
2016-12-13 00:01:06 - No updates.
2016-12-13 01:41:07 - No updates.
2016-12-13 03:21:08 - No updates.
2016-12-13 05:01:09 - No updates.
2016-12-13 06:41:10 - No updates.
2016-12-13 08:21:11 - No updates.
2016-12-13 10:01:12 - No updates.
2016-12-13 11:41:13 - No updates.
2016-12-13 13:21:15 - No updates.
2016-12-13 15:01:16 - No updates.
2016-12-13 16:41:17 - No updates.
2016-12-13 18:21:18 - No updates.
2016-12-13 20:01:19 - No updates.
2016-12-13 21:41:20 - No updates.
2016-12-13 23:21:21 - No updates.
2016-12-14 01:01:23 - No updates.
2016-12-14 02:41:24 - No updates.
2016-12-14 04:21:25 - No updates.
2016-12-14 06:01:26 - No updates.
2016-12-14 07:41:27 - No updates.
2016-12-14 09:21:28 - No updates.
2016-12-14 11:01:29 - No updates.
2016-12-14 12:41:31 - No updates.
2016-12-14 14:21:32 - No updates.
2016-12-14 16:01:33 - No updates.
2016-12-14 17:41:34 - No updates.
2016-12-14 19:21:35 - No updates.
2016-12-14 21:01:36 - No updates.
2016-12-14 22:41:37 - No updates.
2016-12-15 00:21:39 - No updates.
2016-12-15 02:01:40 - No updates.
2016-12-15 03:41:41 - No updates.
2016-12-15 05:21:42 - No updates.
2016-12-15 07:01:43 - No updates.
2016-12-15 08:41:44 - No updates.
2016-12-15 10:21:45 - No updates.
2016-12-15 12:01:46 - No updates.
2016-12-15 13:41:47 - No updates.
2016-12-15 15:21:49 - No updates.
2016-12-15 17:01:50 - No updates.
2016-12-15 18:41:51 - No updates.
2016-12-15 20:21:52 - No updates.
2016-12-15 22:01:53 - No updates.
2016-12-15 23:41:55 - Pulling changes.
2016-12-15 23:41:56 - Updating f8532e3..52bf247
2016-12-15 23:41:56 - Fast-forward
2016-12-15 23:41:56 -  pages/page.html | 1 +
2016-12-15 23:41:56 -  1 file changed, 1 insertion(+)
2016-12-15 23:41:56 - 2016-12-15 23:41:57 - No updates.
2016-12-16 01:21:58 - No updates.
2016-12-16 03:01:59 - No updates.
2016-12-16 04:42:00 - No updates.
2016-12-16 06:22:01 - No updates.
2016-12-16 08:02:02 - No updates.
2016-12-16 09:42:04 - No updates.
2016-12-16 11:22:05 - No updates.
2016-12-16 13:02:06 - No updates.
2016-12-16 14:42:07 - No updates.
2016-12-16 16:22:08 - No updates.
2016-12-16 18:02:09 - No updates.
2016-12-16 19:42:10 - No updates.
2016-12-16 21:22:11 - No updates.
2016-12-16 23:02:12 - No updates.
2016-12-17 00:42:13 - No updates.
2016-12-17 02:22:15 - No updates.
2016-12-17 04:02:16 - No updates.
2016-12-17 05:42:17 - No updates.
2016-12-17 07:22:18 - No updates.
2016-12-17 09:02:19 - No updates.
2016-12-17 10:42:20 - No updates.
2016-12-17 12:22:21 - No updates.
2016-12-17 14:02:22 - No updates.
2016-12-17 15:42:23 - No updates.
2016-12-17 17:22:25 - No updates.
2016-12-17 19:02:26 - No updates.
2016-12-17 20:42:27 - No updates.
2016-12-17 22:22:31 - No updates.
2016-12-18 00:02:32 - No updates.
2016-12-18 01:42:33 - No updates.
2016-12-18 03:22:34 - No updates.
2016-12-18 05:02:35 - No updates.
2016-12-18 06:42:37 - No updates.
2016-12-18 08:22:38 - No updates.
2016-12-18 10:02:39 - No updates.
2016-12-18 11:42:40 - No updates.
2016-12-18 13:22:41 - No updates.
2016-12-18 15:02:42 - No updates.
2016-12-18 16:42:43 - No updates.
2016-12-18 18:22:45 - No updates.
2016-12-18 20:02:46 - No updates.
2016-12-18 21:42:47 - No updates.
2016-12-18 23:22:48 - No updates.
2016-12-19 01:02:49 - No updates.
2016-12-19 02:42:50 - No updates.
2016-12-19 04:22:51 - No updates.
2016-12-19 06:02:53 - No updates.
2016-12-19 07:42:54 - No updates.
2016-12-19 09:22:55 - No updates.
2016-12-19 11:02:56 - No updates.
2016-12-19 12:42:57 - No updates.
2016-12-19 14:22:59 - No updates.
2016-12-19 16:03:00 - No updates.
2016-12-19 17:43:01 - No updates.
2016-12-19 19:23:02 - No updates.
2016-12-19 21:03:03 - No updates.
2016-12-19 22:43:04 - No updates.
2016-12-20 00:23:05 - No updates.
2016-12-20 02:03:07 - No updates.
2016-12-20 03:43:08 - No updates.
2016-12-20 05:23:09 - No updates.
2016-12-20 07:03:10 - No updates.
2016-12-20 08:43:11 - No updates.
2016-12-20 10:23:12 - No updates.
2016-12-20 12:03:14 - Pulling changes.
2016-12-20 12:03:15 - Updating 52bf247..f2ee509
2016-12-20 12:03:15 - Fast-forward
2016-12-20 12:03:15 -  pages/page.html | 2 +-
2016-12-20 12:03:15 -  1 file changed, 1 insertion(+), 1 deletion(-)
2016-12-20 12:03:15 - 2016-12-20 12:03:16 - No updates.
2016-12-20 13:43:17 - No updates.
2016-12-20 15:23:18 - No updates.
2016-12-20 17:03:19 - No updates.
2016-12-20 18:43:20 - No updates.
2016-12-20 20:23:21 - No updates.
2016-12-20 22:03:23 - No updates.
2016-12-20 23:43:24 - No updates.
2016-12-21 01:23:25 - No updates.
2016-12-21 03:03:26 - No updates.
2016-12-21 04:43:27 - No updates.
2016-12-21 06:23:28 - No updates.
2016-12-21 08:03:29 - No updates.
2016-12-21 09:43:30 - No updates.
2016-12-21 11:23:32 - No updates.
2016-12-21 13:03:33 - No updates.
2016-12-21 14:43:34 - No updates.
2016-12-21 16:23:35 - No updates.
2016-12-21 18:03:36 - No updates.
2016-12-21 19:43:37 - No updates.
2016-12-24 16:24:33 - No updates.
2016-12-24 17:54:35 - No updates.
2016-12-24 19:24:36 - No updates.
2016-12-24 20:54:37 - No updates.
2016-12-24 22:24:38 - No updates.
2016-12-24 23:54:39 - No updates.
2016-12-25 02:01:44 - No updates.
2016-12-25 03:31:45 - No updates.
2016-12-25 05:01:46 - No updates.
2016-12-25 06:31:47 - No updates.
2016-12-25 08:01:48 - No updates.
2016-12-25 09:31:50 - No updates.
2016-12-25 11:01:51 - No updates.
2016-12-25 12:31:52 - No updates.
2016-12-25 14:01:53 - No updates.
2016-12-25 15:31:54 - No updates.
2016-12-25 17:01:55 - No updates.
2016-12-25 18:31:56 - No updates.
2016-12-25 20:01:57 - No updates.
2016-12-25 21:31:58 - No updates.
2016-12-25 23:02:00 - No updates.
2016-12-26 00:32:01 - No updates.
2016-12-26 02:02:02 - No updates.
2016-12-26 03:32:03 - No updates.
2016-12-26 05:02:04 - No updates.
2016-12-26 06:32:05 - No updates.
2016-12-26 08:02:06 - No updates.
2016-12-26 09:32:08 - No updates.
2016-12-26 11:02:09 - No updates.
2016-12-26 12:32:10 - No updates.
2016-12-26 14:02:11 - No updates.
2016-12-26 15:32:12 - No updates.
2016-12-26 17:02:13 - No updates.
2016-12-26 18:32:14 - No updates.
2016-12-26 20:02:16 - No updates.
2016-12-26 21:32:17 - No updates.
2016-12-26 23:02:18 - No updates.
2016-12-27 00:32:19 - No updates.
2016-12-27 02:02:20 - No updates.
2016-12-27 03:32:21 - No updates.
2016-12-27 05:02:22 - No updates.
2016-12-27 06:32:23 - No updates.
2016-12-27 08:02:24 - No updates.
2016-12-27 09:32:26 - No updates.
2016-12-27 11:02:27 - No updates.
2016-12-27 12:32:28 - No updates.
2016-12-27 14:02:29 - No updates.
2016-12-27 15:32:30 - No updates.
2016-12-27 17:02:31 - No updates.
2016-12-27 18:32:32 - No updates.
2016-12-27 20:02:33 - No updates.
2016-12-27 21:32:34 - No updates.
2016-12-27 23:02:36 - No updates.
2016-12-28 00:32:37 - No updates.
2016-12-28 02:02:38 - No updates.
2016-12-28 03:32:39 - No updates.
2016-12-28 05:02:40 - No updates.
2016-12-28 06:32:41 - No updates.
2016-12-28 08:02:42 - No updates.
2016-12-28 09:32:44 - No updates.
2016-12-28 11:02:45 - No updates.
2016-12-28 12:32:46 - No updates.
2016-12-28 14:02:47 - No updates.
2016-12-28 15:32:48 - No updates.
2016-12-28 17:02:49 - No updates.
2016-12-28 18:32:50 - No updates.
2016-12-28 20:02:52 - No updates.
2016-12-28 21:32:53 - No updates.
2016-12-28 23:02:54 - No updates.
2016-12-29 00:32:55 - No updates.
2016-12-29 02:02:56 - No updates.
2016-12-29 03:32:57 - No updates.
2016-12-29 05:02:58 - No updates.
2016-12-29 06:32:59 - No updates.
2016-12-29 08:03:01 - No updates.
2016-12-29 09:33:02 - No updates.
2016-12-29 11:03:03 - No updates.
2016-12-29 12:33:04 - No updates.
